Starting the Apache2.2 service
The Apache2.2 service is running.
] Apache/2.2.21 (Win32) configured -- resuming normal operations
[Sun Jan 08 11:02:49 2012] [notice] Server built: Sep  9 2011 10:26:10
[Sun Jan 08 11:02:49 2012] [notice] Parent: Created child process 3560
[Sun Jan 08 11:02:49 2012] [notice] Child 3560: Child process is running
[Sun Jan 08 11:02:49 2012] [notice] Child 3560: Acquired the start mutex.
[Sun Jan 08 11:02:49 2012] [notice] Child 3560: Starting 64 worker threads.
[Sun Jan 08 11:02:49 2012] [notice] Child 3560: Starting thread to listen on port 80.
[Sun Jan 08 11:02:56 2012] [notice] Parent: Received shutdown signal -- Shutting down the server.
[Sun Jan 08 11:02:56 2012] [notice] Child 3560: Exit event signaled. Child process is ending.
[Sun Jan 08 11:02:57 2012] [notice] Child 3560: Released the start mutex
[Sun Jan 08 11:02:58 2012] [notice] Child 3560: All worker threads have exited.
[Sun Jan 08 11:02:58 2012] [notice] Child 3560: Child process is exiting
[Sun Jan 08 11:02:58 2012] [notice] Parent: Child process exited successfully.
[Sun Jan 08 11:03:29 2012] [notice] Apache/2.2.21 (Win32) configured -- resuming normal operations
[Sun Jan 08 11:03:29 2012] [notice] Server built: Sep  9 2011 10:26:10
[Sun Jan 08 11:03:29 2012] [notice] Parent: Created child process 3788
[Sun Jan 08 11:03:29 2012] [notice] Child 3788: Child process is running
[Sun Jan 08 11:03:29 2012] [notice] Child 3788: Acquired the start mutex.
[Sun Jan 08 11:03:29 2012] [notice] Child 3788: Starting 64 worker threads.
[Sun Jan 08 11:03:29 2012] [notice] Child 3788: Starting thread to listen on port 80.
[Sun Jan 08 11:04:12 2012] [notice] Parent: Received shutdown signal -- Shutting down the server.
[Sun Jan 08 11:04:12 2012] [notice] Child 3788: Exit event signaled. Child process is ending.
[Sun Jan 08 11:04:13 2012] [notice] Child 3788: Released the start mutex
[Sun Jan 08 11:04:14 2012] [notice] Child 3788: All worker threads have exited.
[Sun Jan 08 11:04:14 2012] [notice] Child 3788: Child process is exiting
[Sun Jan 08 11:04:14 2012] [notice] Parent: Child process exited successfully.
[Sun Jan 08 11:07:36 2012] [notice] Apache/2.2.21 (Win32) configured -- resuming normal operations
[Sun Jan 08 11:07:36 2012] [notice] Server built: Sep  9 2011 10:26:10
[Sun Jan 08 11:07:36 2012] [notice] Parent: Created child process 2900
[Sun Jan 08 11:07:36 2012] [notice] Child 2900: Child process is running
[Sun Jan 08 11:07:36 2012] [notice] Child 2900: Acquired the start mutex.
[Sun Jan 08 11:07:36 2012] [notice] Child 2900: Starting 64 worker threads.
[Sun Jan 08 11:07:37 2012] [notice] Child 2900: Starting thread to listen on port 80.
[Sun Jan 08 11:11:04 2012] [error] [client 127.0.0.1] File does not exist: C:/Program Files/Apache Software Foundation/Apache2.2/htdocs/printenv.pl
[Sun Jan 08 11:11:14 2012] [error] [client 127.0.0.1] (OS 3)The system cannot find the path specified.  : couldn't create child process: 720003: printenv.pl
[Sun Jan 08 11:11:14 2012] [error] [client 127.0.0.1] (OS 3)The system cannot find the path specified.  : couldn't spawn child process: C:/Program Files/Apache Software Foundation/Apache2.2/cgi-bin/printenv.pl
[Sun Jan 08 11:11:38 2012] [error] [client 127.0.0.1] script not found or unable to stat: C:/Program Files/Apache Software Foundation/Apache2.2/cgi-bin/printenv
[Tue Jan 10 10:13:05 2012] [warn] pid file C:/Program Files/Apache Software Foundation/Apache2.2/logs/httpd.pid overwritten -- Unclean shutdown of previous Apache run?
[Tue Jan 10 10:13:05 2012] [notice] Apache/2.2.21 (Win32) configured -- resuming normal operations
[Tue Jan 10 10:13:05 2012] [notice] Server built: Sep  9 2011 10:26:10
[Tue Jan 10 10:13:05 2012] [notice] Parent: Created child process 1352
[Tue Jan 10 10:13:05 2012] [notice] Child 1352: Child process is running
[Tue Jan 10 10:13:05 2012] [notice] Child 1352: Acquired the start mutex.
[Tue Jan 10 10:13:05 2012] [notice] Child 1352: Starting 64 worker threads.
[Tue Jan 10 10:13:05 2012] [notice] Child 1352: Starting thread to listen on port 80.
[Thu Jan 12 14:07:28 2012] [warn] pid file C:/Program Files/Apache Software Foundation/Apache2.2/logs/httpd.pid overwritten -- Unclean shutdown of previous Apache run?
[Thu Jan 12 14:07:29 2012] [notice] Apache/2.2.21 (Win32) configured -- resuming normal operations
[Thu Jan 12 14:07:29 2012] [notice] Server built: Sep  9 2011 10:26:10
[Thu Jan 12 14:07:29 2012] [notice] Parent: Created child process 2088
[Thu Jan 12 14:07:29 2012] [notice] Child 2088: Child process is running
[Thu Jan 12 14:07:29 2012] [notice] Child 2088: Acquired the start mutex.
[Thu Jan 12 14:07:29 2012] [notice] Child 2088: Starting 64 worker threads.
[Thu Jan 12 14:07:29 2012] [notice] Child 2088: Starting thread to listen on port 80.
[Thu Jan 12 14:20:24 2012] [error] [client 127.0.0.1] File does not exist: C:/Program Files/Apache Software Foundation/Apache2.2/htdocs/WebTours
[Thu Jan 12 14:20:24 2012] [error] [client 127.0.0.1] File does not exist: C:/Program Files/Apache Software Foundation/Apache2.2/htdocs/favicon.ico
[Thu Jan 12 14:20:34 2012] [error] [client 127.0.0.1] File does not exist: C:/Program Files/Apache Software Foundation/Apache2.2/htdocs/WebTours
[Thu Jan 12 14:20:39 2012] [error] [client 127.0.0.1] File does not exist: C:/Program Files/Apache Software Foundation/Apache2.2/htdocs/WebTours
[Thu Jan 12 14:27:50 2012] [notice] Parent: Received shutdown signal -- Shutting down the server.
[Thu Jan 12 14:27:50 2012] [notice] Child 2088: Exit event signaled. Child process is ending.
[Thu Jan 12 14:27:50 2012] [notice] Child 2088: Released the start mutex
[Thu Jan 12 14:27:51 2012] [notice] Child 2088: All worker threads have exited.
[Thu Jan 12 14:27:51 2012] [notice] Child 2088: Child process is exiting
[Thu Jan 12 14:27:51 2012] [notice] Parent: Child process exited successfully.
[Thu Jan 12 14:27:52 2012] [notice] Apache/2.2.21 (Win32) configured -- resuming normal operations
[Thu Jan 12 14:27:52 2012] [notice] Server built: Sep  9 2011 10:26:10
[Thu Jan 12 14:27:52 2012] [notice] Parent: Created child process 3632
Apache server interrupted...
otice] Child 3632: Child process is running
[Thu Jan 12 14:27:52 2012] [notice] Child 3632: Acquired the start mutex.
[Thu Jan 12 14:27:52 2012] [notice] Child 3632: Starting 64 worker threads.
[Thu Jan 12 14:27:52 2012] [notice] Child 3632: Starting thread to listen on port 80.
[Thu Jan 12 14:28:15 2012] [notice] Parent: Received shutdown signal -- Shutting down the server.
Apache server interrupted...
Apache server interrupted...
Apache server interrupted...
Apache server interrupted...
Apache server interrupted...
Apache server interrupted...
Apache server interrupted...
Apache server interrupted...
Apache server interrupted...
Apache server interrupted...
Apache server interrupted...
Apache server interrupted...
Apache server interrupted...
Apache server interrupted...
Apache server interrupted...
Apache server interrupted...
Apache server interrupted...
Apache server interrupted...
Apache server interrupted...
Apache server interrupted...
Apache server interrupted...
Apache server interrupted...
Apache server interrupted...
Apache server interrupted...
Apache server interrupted...
Apache server interrupted...
Apache server interrupted...
Apache server interrupted...
Apache server interrupted...
[Thu Jan 12 14:28:17 2012] [notice] Child 3632: All worker threads have exited.
[Thu Jan 12 14:28:17 2012] [notice] Child 3632: Child process is exiting
[Thu Jan 12 14:28:17 2012] [notice] Parent: Child process exited successfully.
Starting the Apache2.2 service
The Apache2.2 service is running.
] Apache/2.2.21 (Win32) configured -- resuming normal operations
[Thu Jan 12 14:28:38 2012] [notice] Server built: Sep  9 2011 10:26:10
[Thu Jan 12 14:28:38 2012] [notice] Parent: Created child process 3784
[Thu Jan 12 14:28:38 2012] [notice] Child 3784: Child process is running
[Thu Jan 12 14:28:38 2012] [notice] Child 3784: Acquired the start mutex.
[Thu Jan 12 14:28:38 2012] [notice] Child 3784: Starting 64 worker threads.
[Thu Jan 12 14:28:38 2012] [notice] Child 3784: Starting thread to listen on port 80.
[Thu Jan 12 14:29:29 2012] [notice] Parent: Received shutdown signal -- Shutting down the server.
[Thu Jan 12 14:29:29 2012] [notice] Child 3784: Exit event signaled. Child process is ending.
[Thu Jan 12 14:29:31 2012] [notice] Child 3784: Released the start mutex
[Thu Jan 12 14:29:32 2012] [notice] Child 3784: All worker threads have exited.
[Thu Jan 12 14:29:32 2012] [notice] Child 3784: Child process is exiting
[Thu Jan 12 14:29:32 2012] [notice] Parent: Child process exited successfully.
httpd.exe: Could not reliably determine the server's fully qualified domain name, using 192.168.211.147 for ServerName
[Fri Nov 29 20:52:20 2024] [notice] Apache/2.2.21 (Win32) configured -- resuming normal operations
[Fri Nov 29 20:52:20 2024] [notice] Server built: Sep  9 2011 10:26:10
[Fri Nov 29 20:52:20 2024] [notice] Parent: Created child process 7972
httpd.exe: Could not reliably determine the server's fully qualified domain name, using 192.168.211.147 for ServerName
Apache server interrupted...
 determine the server's fully qualified domain name, using 192.168.211.147 for ServerName
[Fri Nov 29 20:52:20 2024] [notice] Child 7972: Child process is running
[Fri Nov 29 20:52:20 2024] [notice] Child 7972: Acquired the start mutex.
[Fri Nov 29 20:52:20 2024] [notice] Child 7972: Starting 64 worker threads.
[Fri Nov 29 20:52:20 2024] [notice] Child 7972: Starting thread to listen on port 1080.
[Fri Nov 29 20:52:26 2024] [notice] Parent: Received shutdown signal -- Shutting down the server.
[Fri Nov 29 20:52:26 2024] [notice] Child 7972: Exit event signaled. Child process is ending.
[Fri Nov 29 20:52:27 2024] [notice] Child 7972: Released the start mutex
[Fri Nov 29 20:52:28 2024] [notice] Child 7972: All worker threads have exited.
[Fri Nov 29 20:52:28 2024] [notice] Child 7972: Child process is exiting
[Fri Nov 29 20:52:28 2024] [notice] Parent: Child process exited successfully.
httpd.exe: Could not reliably determine the server's fully qualified domain name, using 192.168.211.147 for ServerName
[Fri Nov 29 20:54:31 2024] [notice] Apache/2.2.21 (Win32) configured -- resuming normal operations
[Fri Nov 29 20:54:31 2024] [notice] Server built: Sep  9 2011 10:26:10
[Fri Nov 29 20:54:31 2024] [notice] Parent: Created child process 25060
httpd.exe: Could not reliably determine the server's fully qualified domain name, using 192.168.211.147 for ServerName
Apache server interrupted...
 determine the server's fully qualified domain name, using 192.168.211.147 for ServerName
[Fri Nov 29 20:54:31 2024] [notice] Child 25060: Child process is running
[Fri Nov 29 20:54:31 2024] [notice] Child 25060: Acquired the start mutex.
[Fri Nov 29 20:54:31 2024] [notice] Child 25060: Starting 64 worker threads.
[Fri Nov 29 20:54:31 2024] [notice] Child 25060: Starting thread to listen on port 1080.
[Fri Nov 29 20:58:58 2024] [notice] Parent: Received shutdown signal -- Shutting down the server.
Apache server shutdown initiated...
Child 25060: Exit event signaled. Child process is ending.
[Fri Nov 29 20:58:59 2024] [notice] Child 25060: Released the start mutex
[Fri Nov 29 20:59:00 2024] [notice] Child 25060: All worker threads have exited.
[Fri Nov 29 20:59:00 2024] [notice] Child 25060: Child process is exiting
[Fri Nov 29 20:59:00 2024] [notice] Parent: Child process exited successfully.
httpd.exe: Could not reliably determine the server's fully qualified domain name, using 192.168.211.147 for ServerName
[Sun Dec 01 11:18:24 2024] [notice] Apache/2.2.21 (Win32) configured -- resuming normal operations
[Sun Dec 01 11:18:24 2024] [notice] Server built: Sep  9 2011 10:26:10
[Sun Dec 01 11:18:24 2024] [notice] Parent: Created child process 20844
httpd.exe: Could not reliably determine the server's fully qualified domain name, using 192.168.211.147 for ServerName
Apache server shutdown initiated...
ine the server's fully qualified domain name, using 192.168.211.147 for ServerName
[Sun Dec 01 11:18:24 2024] [notice] Child 20844: Child process is running
[Sun Dec 01 11:18:24 2024] [notice] Child 20844: Acquired the start mutex.
[Sun Dec 01 11:18:24 2024] [notice] Child 20844: Starting 64 worker threads.
[Sun Dec 01 11:18:24 2024] [notice] Child 20844: Starting thread to listen on port 1080.
[Sun Dec 01 11:19:24 2024] [error] [client 192.168.211.147] File does not exist: C:/Users/manoj.b/Jmeter script/Web Tours Sample Application/WebTours/htdocs/favicon.ico, referer: http://192.168.211.147:1080/webtours/
[Sun Dec 01 11:20:37 2024] [error] [client 192.168.211.147] File does not exist: C:/Users/manoj.b/Jmeter script/Web Tours Sample Application/WebTours/htdocs/favicon.ico, referer: http://192.168.211.147:1080/webtours/
[Sun Dec 01 14:26:41 2024] [notice] Parent: Received shutdown signal -- Shutting down the server.
[Sun Dec 01 14:26:41 2024] [notice] Child 20844: Exit event signaled. Child process is ending.
[Sun Dec 01 14:26:42 2024] [notice] Child 20844: Released the start mutex
[Sun Dec 01 14:26:43 2024] [notice] Child 20844: All worker threads have exited.
[Sun Dec 01 14:26:43 2024] [notice] Child 20844: Child process is exiting
[Sun Dec 01 14:26:43 2024] [notice] Parent: Child process exited successfully.
httpd.exe: Could not reliably determine the server's fully qualified domain name, using 192.168.211.147 for ServerName
[Mon Dec 02 07:48:40 2024] [notice] Apache/2.2.21 (Win32) configured -- resuming normal operations
[Mon Dec 02 07:48:40 2024] [notice] Server built: Sep  9 2011 10:26:10
[Mon Dec 02 07:48:43 2024] [notice] Parent: Created child process 8732
httpd.exe: Could not reliably determine the server's fully qualified domain name, using 192.168.211.147 for ServerName
Apache server interrupted...
 determine the server's fully qualified domain name, using 192.168.211.147 for ServerName
[Mon Dec 02 07:48:43 2024] [notice] Child 8732: Child process is running
[Mon Dec 02 07:48:43 2024] [notice] Child 8732: Acquired the start mutex.
[Mon Dec 02 07:48:43 2024] [notice] Child 8732: Starting 64 worker threads.
[Mon Dec 02 07:48:43 2024] [notice] Child 8732: Starting thread to listen on port 1080.
[Mon Dec 02 07:48:49 2024] [notice] Parent: Received shutdown signal -- Shutting down the server.
Apache server interrupted...
otice] Child 8732: Exit event signaled. Child process is ending.
[Mon Dec 02 07:48:50 2024] [notice] Child 8732: Released the start mutex
[Mon Dec 02 07:48:51 2024] [notice] Child 8732: All worker threads have exited.
[Mon Dec 02 07:48:51 2024] [notice] Child 8732: Child process is exiting
[Mon Dec 02 07:48:51 2024] [notice] Parent: Child process exited successfully.
httpd.exe: Could not reliably determine the server's fully qualified domain name, using 192.168.211.147 for ServerName
[Mon Dec 02 07:49:53 2024] [notice] Apache/2.2.21 (Win32) configured -- resuming normal operations
[Mon Dec 02 07:49:53 2024] [notice] Server built: Sep  9 2011 10:26:10
[Mon Dec 02 07:49:53 2024] [notice] Parent: Created child process 5832
httpd.exe: Could not reliably determine the server's fully qualified domain name, using 192.168.211.147 for ServerName
Apache server shutdown initiated...
ine the server's fully qualified domain name, using 192.168.211.147 for ServerName
[Mon Dec 02 07:49:53 2024] [notice] Child 5832: Child process is running
[Mon Dec 02 07:49:53 2024] [notice] Child 5832: Acquired the start mutex.
[Mon Dec 02 07:49:53 2024] [notice] Child 5832: Starting 64 worker threads.
[Mon Dec 02 07:49:53 2024] [notice] Child 5832: Starting thread to listen on port 1080.
[Mon Dec 02 07:53:09 2024] [error] [client 192.168.211.147] File does not exist: C:/Users/manoj.b/Jmeter script/Web Tours Sample Application/WebTours/htdocs/favicon.ico, referer: http://192.168.211.147:1080/webtours/
[Mon Dec 02 08:15:36 2024] [notice] Parent: Received shutdown signal -- Shutting down the server.
[Mon Dec 02 08:15:36 2024] [notice] Child 5832: Exit event signaled. Child process is ending.
[Mon Dec 02 08:15:37 2024] [notice] Child 5832: Released the start mutex
[Mon Dec 02 08:15:38 2024] [notice] Child 5832: All worker threads have exited.
[Mon Dec 02 08:15:38 2024] [notice] Child 5832: Child process is exiting
[Mon Dec 02 08:15:38 2024] [notice] Parent: Child process exited successfully.
httpd.exe: Could not reliably determine the server's fully qualified domain name, using 192.168.211.147 for ServerName
[Tue Dec 03 08:09:37 2024] [notice] Apache/2.2.21 (Win32) configured -- resuming normal operations
[Tue Dec 03 08:09:37 2024] [notice] Server built: Sep  9 2011 10:26:10
[Tue Dec 03 08:09:38 2024] [notice] Parent: Created child process 1336
httpd.exe: Could not reliably determine the server's fully qualified domain name, using 192.168.211.147 for ServerName
Apache server shutdown initiated...
ine the server's fully qualified domain name, using 192.168.211.147 for ServerName
[Tue Dec 03 08:09:38 2024] [notice] Child 1336: Child process is running
[Tue Dec 03 08:09:38 2024] [notice] Child 1336: Acquired the start mutex.
[Tue Dec 03 08:09:38 2024] [notice] Child 1336: Starting 64 worker threads.
[Tue Dec 03 08:09:38 2024] [notice] Child 1336: Starting thread to listen on port 1080.
[Tue Dec 03 08:09:49 2024] [error] [client 192.168.211.147] File does not exist: C:/Users/manoj.b/Jmeter script/Web Tours Sample Application/WebTours/htdocs/favicon.ico, referer: http://192.168.211.147:1080/webTours/
[Tue Dec 03 08:48:43 2024] [notice] Parent: Received shutdown signal -- Shutting down the server.
[Tue Dec 03 08:48:43 2024] [notice] Child 1336: Exit event signaled. Child process is ending.
[Tue Dec 03 08:48:44 2024] [notice] Child 1336: Released the start mutex
[Tue Dec 03 08:48:45 2024] [notice] Child 1336: All worker threads have exited.
[Tue Dec 03 08:48:45 2024] [notice] Child 1336: Child process is exiting
[Tue Dec 03 08:48:45 2024] [notice] Parent: Child process exited successfully.
httpd.exe: Could not reliably determine the server's fully qualified domain name, using 192.168.211.147 for ServerName
[Tue Dec 03 20:58:57 2024] [notice] Apache/2.2.21 (Win32) configured -- resuming normal operations
[Tue Dec 03 20:58:57 2024] [notice] Server built: Sep  9 2011 10:26:10
[Tue Dec 03 20:58:57 2024] [notice] Parent: Created child process 22748
httpd.exe: Could not reliably determine the server's fully qualified domain name, using 192.168.211.147 for ServerName
Apache server shutdown initiated...
ine the server's fully qualified domain name, using 192.168.211.147 for ServerName
[Tue Dec 03 20:58:57 2024] [notice] Child 22748: Child process is running
[Tue Dec 03 20:58:57 2024] [notice] Child 22748: Acquired the start mutex.
[Tue Dec 03 20:58:57 2024] [notice] Child 22748: Starting 64 worker threads.
[Tue Dec 03 20:58:57 2024] [notice] Child 22748: Starting thread to listen on port 1080.
[Tue Dec 03 20:59:15 2024] [error] [client 192.168.211.147] File does not exist: C:/Users/manoj.b/Jmeter script/Web Tours Sample Application/WebTours/htdocs/favicon.ico, referer: http://192.168.211.147:1080/webtours/
[Tue Dec 03 21:47:31 2024] [notice] Parent: Received shutdown signal -- Shutting down the server.
[Tue Dec 03 21:47:31 2024] [notice] Child 22748: Exit event signaled. Child process is ending.
[Tue Dec 03 21:47:32 2024] [notice] Child 22748: Released the start mutex
[Tue Dec 03 21:47:33 2024] [notice] Child 22748: All worker threads have exited.
[Tue Dec 03 21:47:33 2024] [notice] Child 22748: Child process is exiting
[Tue Dec 03 21:47:33 2024] [notice] Parent: Child process exited successfully.
[Wed Dec 04 16:10:05 2024] [notice] Apache/2.2.21 (Win32) configured -- resuming normal operations
[Wed Dec 04 16:10:05 2024] [notice] Server built: Sep  9 2011 10:26:10
[Wed Dec 04 16:10:05 2024] [notice] Parent: Created child process 15844
Apache server shutdown initiated...
Child 15844: Child process is running
[Wed Dec 04 16:10:06 2024] [notice] Child 15844: Acquired the start mutex.
[Wed Dec 04 16:10:06 2024] [notice] Child 15844: Starting 64 worker threads.
[Wed Dec 04 16:10:06 2024] [notice] Child 15844: Starting thread to listen on port 1080.
[Wed Dec 04 16:10:59 2024] [notice] Parent: Received shutdown signal -- Shutting down the server.
[Wed Dec 04 16:10:59 2024] [notice] Child 15844: Exit event signaled. Child process is ending.
[Wed Dec 04 16:11:00 2024] [notice] Child 15844: Released the start mutex
[Wed Dec 04 16:11:01 2024] [notice] Child 15844: All worker threads have exited.
[Wed Dec 04 16:11:01 2024] [notice] Child 15844: Child process is exiting
[Wed Dec 04 16:11:01 2024] [notice] Parent: Child process exited successfully.
[Wed Dec 04 16:11:04 2024] [notice] Apache/2.2.21 (Win32) configured -- resuming normal operations
[Wed Dec 04 16:11:04 2024] [notice] Server built: Sep  9 2011 10:26:10
[Wed Dec 04 16:11:04 2024] [notice] Parent: Created child process 23640
Apache server interrupted...
otice] Child 23640: Child process is running
[Wed Dec 04 16:11:04 2024] [notice] Child 23640: Acquired the start mutex.
[Wed Dec 04 16:11:04 2024] [notice] Child 23640: Starting 64 worker threads.
[Wed Dec 04 16:11:04 2024] [notice] Child 23640: Starting thread to listen on port 1080.
[Wed Dec 04 16:11:11 2024] [notice] Parent: Received shutdown signal -- Shutting down the server.
[Wed Dec 04 16:11:11 2024] [notice] Child 23640: Exit event signaled. Child process is ending.
[Wed Dec 04 16:11:12 2024] [notice] Child 23640: Released the start mutex
[Wed Dec 04 16:11:13 2024] [notice] Child 23640: All worker threads have exited.
[Wed Dec 04 16:11:13 2024] [notice] Child 23640: Child process is exiting
[Wed Dec 04 16:11:13 2024] [notice] Parent: Child process exited successfully.
[Wed Dec 04 16:11:19 2024] [notice] Apache/2.2.21 (Win32) configured -- resuming normal operations
[Wed Dec 04 16:11:19 2024] [notice] Server built: Sep  9 2011 10:26:10
[Wed Dec 04 16:11:19 2024] [notice] Parent: Created child process 14292
Apache server interrupted...
otice] Child 14292: Child process is running
[Wed Dec 04 16:11:19 2024] [notice] Child 14292: Acquired the start mutex.
[Wed Dec 04 16:11:19 2024] [notice] Child 14292: Starting 64 worker threads.
[Wed Dec 04 16:11:19 2024] [notice] Child 14292: Starting thread to listen on port 1080.
[Wed Dec 04 16:12:19 2024] [notice] Parent: Received shutdown signal -- Shutting down the server.
[Wed Dec 04 16:12:19 2024] [notice] Child 14292: Exit event signaled. Child process is ending.
[Wed Dec 04 16:12:20 2024] [notice] Child 14292: Released the start mutex
[Wed Dec 04 16:12:21 2024] [notice] Child 14292: All worker threads have exited.
[Wed Dec 04 16:12:21 2024] [notice] Child 14292: Child process is exiting
[Wed Dec 04 16:12:21 2024] [notice] Parent: Child process exited successfully.
[Wed Dec 04 16:12:34 2024] [notice] Apache/2.2.21 (Win32) configured -- resuming normal operations
[Wed Dec 04 16:12:34 2024] [notice] Server built: Sep  9 2011 10:26:10
[Wed Dec 04 16:12:34 2024] [notice] Parent: Created child process 3044
Apache server shutdown initiated...
Child 3044: Child process is running
[Wed Dec 04 16:12:34 2024] [notice] Child 3044: Acquired the start mutex.
[Wed Dec 04 16:12:34 2024] [notice] Child 3044: Starting 64 worker threads.
[Wed Dec 04 16:12:34 2024] [notice] Child 3044: Starting thread to listen on port 1080.
[Wed Dec 04 16:14:39 2024] [notice] Parent: Received shutdown signal -- Shutting down the server.
[Wed Dec 04 16:14:39 2024] [notice] Child 3044: Exit event signaled. Child process is ending.
[Wed Dec 04 16:14:40 2024] [notice] Child 3044: Released the start mutex
[Wed Dec 04 16:14:41 2024] [notice] Child 3044: All worker threads have exited.
[Wed Dec 04 16:14:41 2024] [notice] Child 3044: Child process is exiting
[Wed Dec 04 16:14:41 2024] [notice] Parent: Child process exited successfully.
[Wed Dec 04 16:15:07 2024] [notice] Apache/2.2.21 (Win32) configured -- resuming normal operations
[Wed Dec 04 16:15:07 2024] [notice] Server built: Sep  9 2011 10:26:10
[Wed Dec 04 16:15:07 2024] [notice] Parent: Created child process 21868
Apache server shutdown initiated...
Child 21868: Child process is running
[Wed Dec 04 16:15:08 2024] [notice] Child 21868: Acquired the start mutex.
[Wed Dec 04 16:15:08 2024] [notice] Child 21868: Starting 64 worker threads.
[Wed Dec 04 16:15:08 2024] [notice] Child 21868: Starting thread to listen on port 1080.
[Wed Dec 04 16:15:14 2024] [notice] Parent: Received shutdown signal -- Shutting down the server.
[Wed Dec 04 16:15:14 2024] [notice] Child 21868: Exit event signaled. Child process is ending.
[Wed Dec 04 16:15:15 2024] [notice] Child 21868: Released the start mutex
[Wed Dec 04 16:15:16 2024] [notice] Child 21868: All worker threads have exited.
[Wed Dec 04 16:15:16 2024] [notice] Child 21868: Child process is exiting
[Wed Dec 04 16:15:16 2024] [notice] Parent: Child process exited successfully.
[Wed Dec 04 16:15:28 2024] [notice] Apache/2.2.21 (Win32) configured -- resuming normal operations
[Wed Dec 04 16:15:28 2024] [notice] Server built: Sep  9 2011 10:26:10
[Wed Dec 04 16:15:28 2024] [notice] Parent: Created child process 16016
Apache server shutdown initiated...
Child 16016: Child process is running
[Wed Dec 04 16:15:29 2024] [notice] Child 16016: Acquired the start mutex.
[Wed Dec 04 16:15:29 2024] [notice] Child 16016: Starting 64 worker threads.
[Wed Dec 04 16:15:29 2024] [notice] Child 16016: Starting thread to listen on port 1080.
[Wed Dec 04 16:15:31 2024] [notice] Parent: Received shutdown signal -- Shutting down the server.
[Wed Dec 04 16:15:31 2024] [notice] Child 16016: Exit event signaled. Child process is ending.
[Wed Dec 04 16:15:32 2024] [notice] Child 16016: Released the start mutex
[Wed Dec 04 16:15:33 2024] [notice] Child 16016: All worker threads have exited.
[Wed Dec 04 16:15:33 2024] [notice] Child 16016: Child process is exiting
[Wed Dec 04 16:15:33 2024] [notice] Parent: Child process exited successfully.
[Wed Dec 04 16:15:39 2024] [notice] Apache/2.2.21 (Win32) configured -- resuming normal operations
[Wed Dec 04 16:15:39 2024] [notice] Server built: Sep  9 2011 10:26:10
[Wed Dec 04 16:15:39 2024] [notice] Parent: Created child process 17592
Apache server interrupted...
otice] Child 17592: Child process is running
[Wed Dec 04 16:15:39 2024] [notice] Child 17592: Acquired the start mutex.
[Wed Dec 04 16:15:39 2024] [notice] Child 17592: Starting 64 worker threads.
[Wed Dec 04 16:15:39 2024] [notice] Child 17592: Starting thread to listen on port 1080.
[Wed Dec 04 16:15:44 2024] [notice] Parent: Received shutdown signal -- Shutting down the server.
[Wed Dec 04 16:15:44 2024] [notice] Child 17592: Exit event signaled. Child process is ending.
[Wed Dec 04 16:15:45 2024] [notice] Child 17592: Released the start mutex
[Wed Dec 04 16:15:46 2024] [notice] Child 17592: All worker threads have exited.
[Wed Dec 04 16:15:46 2024] [notice] Child 17592: Child process is exiting
[Wed Dec 04 16:15:46 2024] [notice] Parent: Child process exited successfully.
[Wed Dec 04 16:17:52 2024] [notice] Apache/2.2.21 (Win32) configured -- resuming normal operations
[Wed Dec 04 16:17:52 2024] [notice] Server built: Sep  9 2011 10:26:10
[Wed Dec 04 16:17:52 2024] [notice] Parent: Created child process 6940
Apache server shutdown initiated...
Child 6940: Child process is running
[Wed Dec 04 16:17:52 2024] [notice] Child 6940: Acquired the start mutex.
[Wed Dec 04 16:17:52 2024] [notice] Child 6940: Starting 64 worker threads.
[Wed Dec 04 16:17:52 2024] [notice] Child 6940: Starting thread to listen on port 1080.
[Wed Dec 04 16:19:32 2024] [notice] Parent: Received shutdown signal -- Shutting down the server.
[Wed Dec 04 16:19:32 2024] [notice] Child 6940: Exit event signaled. Child process is ending.
[Wed Dec 04 16:19:33 2024] [notice] Child 6940: Released the start mutex
[Wed Dec 04 16:19:34 2024] [notice] Child 6940: All worker threads have exited.
[Wed Dec 04 16:19:34 2024] [notice] Child 6940: Child process is exiting
[Wed Dec 04 16:19:34 2024] [notice] Parent: Child process exited successfully.
httpd.exe: Could not reliably determine the server's fully qualified domain name, using 192.168.211.147 for ServerName
[Wed Dec 04 16:19:34 2024] [notice] Apache/2.2.21 (Win32) configured -- resuming normal operations
[Wed Dec 04 16:19:34 2024] [notice] Server built: Sep  9 2011 10:26:10
[Wed Dec 04 16:19:34 2024] [notice] Parent: Created child process 9952
httpd.exe: Could not reliably determine the server's fully qualified domain name, using 192.168.211.147 for ServerName
Apache server shutdown initiated...
ine the server's fully qualified domain name, using 192.168.211.147 for ServerName
[Wed Dec 04 16:19:34 2024] [notice] Child 9952: Child process is running
[Wed Dec 04 16:19:34 2024] [notice] Child 9952: Acquired the start mutex.
[Wed Dec 04 16:19:34 2024] [notice] Child 9952: Starting 64 worker threads.
[Wed Dec 04 16:19:34 2024] [notice] Child 9952: Starting thread to listen on port 1080.
[Wed Dec 04 16:19:48 2024] [error] [client 192.168.211.147] File does not exist: C:/Users/manoj.b/Jmeter script/Web Tours Sample Application/WebTours/htdocs/favicon.ico, referer: http://192.168.211.147:1080/webTours/
[Wed Dec 04 17:48:28 2024] [notice] Parent: Received shutdown signal -- Shutting down the server.
[Wed Dec 04 17:48:28 2024] [notice] Child 9952: Exit event signaled. Child process is ending.
[Wed Dec 04 17:48:29 2024] [notice] Child 9952: Released the start mutex
[Wed Dec 04 17:48:30 2024] [notice] Child 9952: All worker threads have exited.
[Wed Dec 04 17:48:30 2024] [notice] Child 9952: Child process is exiting
[Wed Dec 04 17:48:30 2024] [notice] Parent: Child process exited successfully.
httpd.exe: Could not reliably determine the server's fully qualified domain name, using 192.168.211.147 for ServerName
[Wed Dec 04 17:48:39 2024] [notice] Apache/2.2.21 (Win32) configured -- resuming normal operations
[Wed Dec 04 17:48:39 2024] [notice] Server built: Sep  9 2011 10:26:10
[Wed Dec 04 17:48:39 2024] [notice] Parent: Created child process 25284
httpd.exe: Could not reliably determine the server's fully qualified domain name, using 192.168.211.147 for ServerName
Apache server shutdown initiated...
ine the server's fully qualified domain name, using 192.168.211.147 for ServerName
[Wed Dec 04 17:48:39 2024] [notice] Child 25284: Child process is running
[Wed Dec 04 17:48:39 2024] [notice] Child 25284: Acquired the start mutex.
[Wed Dec 04 17:48:39 2024] [notice] Child 25284: Starting 64 worker threads.
[Wed Dec 04 17:48:39 2024] [notice] Child 25284: Starting thread to listen on port 1080.
[Wed Dec 04 18:09:47 2024] [notice] Parent: Received shutdown signal -- Shutting down the server.
[Wed Dec 04 18:09:47 2024] [notice] Child 25284: Exit event signaled. Child process is ending.
[Wed Dec 04 18:09:48 2024] [notice] Child 25284: Released the start mutex
[Wed Dec 04 18:09:49 2024] [notice] Child 25284: All worker threads have exited.
[Wed Dec 04 18:09:49 2024] [notice] Child 25284: Child process is exiting
[Wed Dec 04 18:09:49 2024] [notice] Parent: Child process exited successfully.
httpd.exe: Could not reliably determine the server's fully qualified domain name, using 192.168.211.147 for ServerName
[Wed Dec 04 20:09:30 2024] [notice] Apache/2.2.21 (Win32) configured -- resuming normal operations
[Wed Dec 04 20:09:30 2024] [notice] Server built: Sep  9 2011 10:26:10
[Wed Dec 04 20:09:30 2024] [notice] Parent: Created child process 16616
httpd.exe: Could not reliably determine the server's fully qualified domain name, using 192.168.211.147 for ServerName
Apache server shutdown initiated...
ine the server's fully qualified domain name, using 192.168.211.147 for ServerName
[Wed Dec 04 20:09:30 2024] [notice] Child 16616: Child process is running
[Wed Dec 04 20:09:30 2024] [notice] Child 16616: Acquired the start mutex.
[Wed Dec 04 20:09:30 2024] [notice] Child 16616: Starting 64 worker threads.
[Wed Dec 04 20:09:30 2024] [notice] Child 16616: Starting thread to listen on port 1080.
[Wed Dec 04 20:18:12 2024] [error] [client 192.168.211.147] File does not exist: C:/Users/manoj.b/Jmeter script/Web Tours Sample Application/WebTours/htdocs/favicon.ico, referer: http://192.168.211.147:1080/webTours/
[Wed Dec 04 21:14:02 2024] [notice] Parent: Received shutdown signal -- Shutting down the server.
[Wed Dec 04 21:14:02 2024] [notice] Child 16616: Exit event signaled. Child process is ending.
[Wed Dec 04 21:14:03 2024] [notice] Child 16616: Released the start mutex
[Wed Dec 04 21:14:04 2024] [notice] Child 16616: All worker threads have exited.
[Wed Dec 04 21:14:04 2024] [notice] Child 16616: Child process is exiting
[Wed Dec 04 21:14:04 2024] [notice] Parent: Child process exited successfully.
httpd.exe: Could not reliably determine the server's fully qualified domain name, using 192.168.211.147 for ServerName
[Wed Dec 04 21:16:12 2024] [notice] Apache/2.2.21 (Win32) configured -- resuming normal operations
[Wed Dec 04 21:16:12 2024] [notice] Server built: Sep  9 2011 10:26:10
[Wed Dec 04 21:16:12 2024] [notice] Parent: Created child process 21920
httpd.exe: Could not reliably determine the server's fully qualified domain name, using 192.168.211.147 for ServerName
Apache server shutdown initiated...
ine the server's fully qualified domain name, using 192.168.211.147 for ServerName
[Wed Dec 04 21:16:12 2024] [notice] Child 21920: Child process is running
[Wed Dec 04 21:16:12 2024] [notice] Child 21920: Acquired the start mutex.
[Wed Dec 04 21:16:12 2024] [notice] Child 21920: Starting 64 worker threads.
[Wed Dec 04 21:16:12 2024] [notice] Child 21920: Starting thread to listen on port 1080.
[Wed Dec 04 21:28:31 2024] [notice] Parent: Received shutdown signal -- Shutting down the server.
[Wed Dec 04 21:28:31 2024] [notice] Child 21920: Exit event signaled. Child process is ending.
[Wed Dec 04 21:28:32 2024] [notice] Child 21920: Released the start mutex
[Wed Dec 04 21:28:33 2024] [notice] Child 21920: All worker threads have exited.
[Wed Dec 04 21:28:33 2024] [notice] Child 21920: Child process is exiting
[Wed Dec 04 21:28:33 2024] [notice] Parent: Child process exited successfully.
